Arguments: 
  F:\nodejs\node.exe F:\Yarn\bin\yarn.js add node-sass --dev

PATH: 
  C:\ProgramData\Oracle\Java\javapath;C:\Program Files\Java\jdk1.8.0_71\\bin;C:\Program Files\Java\jdk1.8.0_71\\jre\bin;C:\Users\karl\.dnx\bin;C:\Program Files\Microsoft DNX\Dnvm\;C:\Program Files\Microsoft SQL Server\120\Tools\Binn\;C:\Program Files (x86)\Windows Kits\10\Windows Performance Toolkit\;C:\Program Files (x86)\GtkSharp\2.12\bin;F:\php;F:\php\ext;C:\ProgramData\ComposerSetup\bin;C:\Program Files (x86)\NVIDIA Corporation\PhysX\Common;C:\Program Files\TortoiseSVN\bin;C:\Users\karl\AppData\Roaming\Composer\vendor\bin;F:\Vagrant\bin;C:\WINDOWS\system32;C:\WINDOWS;C:\WINDOWS\System32\Wbem;C:\WINDOWS\System32\WindowsPowerShell\v1.0\;F:\Go\bin;F:\nodejs\;F:\Yarn\bin;C:\Users\karl\AppData\Local\Programs\Python\Python35-32\Scripts\;C:\Users\karl\AppData\Local\Programs\Python\Python35-32\;F:\RailsInstaller\Git\cmd;F:\RailsInstaller\Ruby2.2.0\bin;C:\Users\karl\AppData\Local\atom\bin;C:\Users\karl\AppData\Local\Microsoft\WindowsApps;C:\Users\karl\AppData\Roaming\npm;C:\Users\karl\AppData\Local\Yarn\.bin

Yarn version: 
  0.18.1

Node version: 
  7.3.0

Platform: 
  win32 x64

npm manifest: 
  {
    "name": "modules",
    "version": "1.0.0",
    "description": "my all modules",
    "main": "index.js",
    "repository": "https://github.com/lvyangxu/modules.git",
    "author": "karl <285672259@qq.com>",
    "license": "MIT",
    "devDependencies": {
      "autoprefixer": "^6.5.4",
      "es6-promise": "^4.0.5"
    }
  }

yarn manifest: 
  No manifest

Lockfile: 
  # THIS IS AN AUTOGENERATED FILE. DO NOT EDIT THIS FILE DIRECTLY.
  # yarn lockfile v1
  
  
  ansi-regex@^2.0.0:
    version "2.0.0"
    resolved "https://registry.yarnpkg.com/ansi-regex/-/ansi-regex-2.0.0.tgz#c5061b6e0ef8a81775e50f5d66151bf6bf371107"
  
  ansi-styles@^2.2.1:
    version "2.2.1"
    resolved "https://registry.yarnpkg.com/ansi-styles/-/ansi-styles-2.2.1.tgz#b432dd3358b634cf75e1e4664368240533c1ddbe"
  
  autoprefixer@^6.5.4:
    version "6.5.4"
    resolved "https://registry.yarnpkg.com/autoprefixer/-/autoprefixer-6.5.4.tgz#1386eb6708ccff36aefff70adc694ecfd60af1b0"
    dependencies:
      browserslist "~1.4.0"
      caniuse-db "^1.0.30000597"
      normalize-range "^0.1.2"
      num2fraction "^1.2.2"
      postcss "^5.2.6"
      postcss-value-parser "^3.2.3"
  
  browserslist@~1.4.0:
    version "1.4.0"
    resolved "https://registry.yarnpkg.com/browserslist/-/browserslist-1.4.0.tgz#9cfdcf5384d9158f5b70da2aa00b30e8ff019049"
    dependencies:
      caniuse-db "^1.0.30000539"
  
  caniuse-db@^1.0.30000539, caniuse-db@^1.0.30000597:
    version "1.0.30000602"
    resolved "https://registry.yarnpkg.com/caniuse-db/-/caniuse-db-1.0.30000602.tgz#06b2cbfb6c3aeef7ddb18cd588043549ad1a2d4e"
  
  chalk@^1.1.3:
    version "1.1.3"
    resolved "https://registry.yarnpkg.com/chalk/-/chalk-1.1.3.tgz#a8115c55e4a702fe4d150abd3872822a7e09fc98"
    dependencies:
      ansi-styles "^2.2.1"
      escape-string-regexp "^1.0.2"
      has-ansi "^2.0.0"
      strip-ansi "^3.0.0"
      supports-color "^2.0.0"
  
  es6-promise@^4.0.5:
    version "4.0.5"
    resolved "https://registry.yarnpkg.com/es6-promise/-/es6-promise-4.0.5.tgz#7882f30adde5b240ccfa7f7d78c548330951ae42"
  
  escape-string-regexp@^1.0.2:
    version "1.0.5"
    resolved "https://registry.yarnpkg.com/escape-string-regexp/-/escape-string-regexp-1.0.5.tgz#1b61c0562190a8dff6ae3bb2cf0200ca130b86d4"
  
  has-ansi@^2.0.0:
    version "2.0.0"
    resolved "https://registry.yarnpkg.com/has-ansi/-/has-ansi-2.0.0.tgz#34f5049ce1ecdf2b0649af3ef24e45ed35416d91"
    dependencies:
      ansi-regex "^2.0.0"
  
  has-flag@^1.0.0:
    version "1.0.0"
    resolved "https://registry.yarnpkg.com/has-flag/-/has-flag-1.0.0.tgz#9d9e793165ce017a00f00418c43f942a7b1d11fa"
  
  js-base64@^2.1.9:
    version "2.1.9"
    resolved "https://registry.yarnpkg.com/js-base64/-/js-base64-2.1.9.tgz#f0e80ae039a4bd654b5f281fc93f04a914a7fcce"
  
  normalize-range@^0.1.2:
    version "0.1.2"
    resolved "https://registry.yarnpkg.com/normalize-range/-/normalize-range-0.1.2.tgz#2d10c06bdfd312ea9777695a4d28439456b75942"
  
  num2fraction@^1.2.2:
    version "1.2.2"
    resolved "https://registry.yarnpkg.com/num2fraction/-/num2fraction-1.2.2.tgz#6f682b6a027a4e9ddfa4564cd2589d1d4e669ede"
  
  postcss-value-parser@^3.2.3:
    version "3.3.0"
    resolved "https://registry.yarnpkg.com/postcss-value-parser/-/postcss-value-parser-3.3.0.tgz#87f38f9f18f774a4ab4c8a232f5c5ce8872a9d15"
  
  postcss@^5.2.6:
    version "5.2.6"
    resolved "https://registry.yarnpkg.com/postcss/-/postcss-5.2.6.tgz#a252cd67cd52585035f17e9ad12b35137a7bdd9e"
    dependencies:
      chalk "^1.1.3"
      js-base64 "^2.1.9"
      source-map "^0.5.6"
      supports-color "^3.1.2"
  
  source-map@^0.5.6:
    version "0.5.6"
    resolved "https://registry.yarnpkg.com/source-map/-/source-map-0.5.6.tgz#75ce38f52bf0733c5a7f0c118d81334a2bb5f412"
  
  strip-ansi@^3.0.0:
    version "3.0.1"
    resolved "https://registry.yarnpkg.com/strip-ansi/-/strip-ansi-3.0.1.tgz#6a385fb8853d952d5ff05d0e8aaf94278dc63dcf"
    dependencies:
      ansi-regex "^2.0.0"
  
  supports-color@^2.0.0:
    version "2.0.0"
    resolved "https://registry.yarnpkg.com/supports-color/-/supports-color-2.0.0.tgz#535d045ce6b6363fa40117084629995e9df324c7"
  
  supports-color@^3.1.2:
    version "3.1.2"
    resolved "https://registry.yarnpkg.com/supports-color/-/supports-color-3.1.2.tgz#72a262894d9d408b956ca05ff37b2ed8a6e2a2d5"
    dependencies:
      has-flag "^1.0.0"

Trace: 
  Error: connect ETIMEDOUT 104.16.62.173:443
      at Object.exports._errnoException (util.js:1022:11)
      at exports._exceptionWithHostPort (util.js:1045:20)
      at TCPConnectWrap.afterConnect [as oncomplete] (net.js:1090:14)
